INFO 2025-03-09 21:09:34,424 basehttp "GET /admin/ HTTP/1.1" 200 17070
INFO 2025-03-09 21:09:53,884 basehttp "GET /api/kitchen HTTP/1.1" 200 6279
INFO 2025-03-09 21:10:04,345 basehttp "GET /api/users/ HTTP/1.1" 200 11623
INFO 2025-03-09 21:13:16,502 autoreload E:\Cloud_Kitchen_pro\cloudkitchen\api\urls.py changed, reloading.
INFO 2025-03-09 21:13:17,374 autoreload Watching for file changes with StatReloader
INFO 2025-03-09 21:13:57,365 autoreload E:\Cloud_Kitchen_pro\cloudkitchen\api\urls.py changed, reloading.
INFO 2025-03-09 21:13:58,184 autoreload Watching for file changes with StatReloader
INFO 2025-03-09 21:14:04,640 autoreload E:\Cloud_Kitchen_pro\cloudkitchen\api\urls.py changed, reloading.
INFO 2025-03-09 21:14:05,474 autoreload Watching for file changes with StatReloader
INFO 2025-03-09 21:14:22,614 autoreload E:\Cloud_Kitchen_pro\cloudkitchen\api\urls.py changed, reloading.
INFO 2025-03-09 21:14:23,424 autoreload Watching for file changes with StatReloader
INFO 2025-03-09 21:14:25,526 autoreload E:\Cloud_Kitchen_pro\cloudkitchen\api\urls.py changed, reloading.
INFO 2025-03-09 21:14:26,316 autoreload Watching for file changes with StatReloader
INFO 2025-03-09 21:14:36,180 basehttp "GET /api/kitchen HTTP/1.1" 200 6433
INFO 2025-03-09 21:14:40,260 basehttp "GET /api/kitchendelivery/ HTTP/1.1" 200 10813
INFO 2025-03-09 21:14:49,614 basehttp "GET /api/kitchenorders/ HTTP/1.1" 200 10686
INFO 2025-03-09 21:15:01,365 basehttp "GET /api/kitchenmenuitem/ HTTP/1.1" 200 11411
INFO 2025-03-09 21:15:08,741 basehttp "GET /api/kitchenmenucategory/ HTTP/1.1" 200 9817
INFO 2025-03-09 21:15:25,059 basehttp "GET /api/kitchendelivery/ HTTP/1.1" 200 10813
INFO 2025-03-09 21:15:52,052 basehttp "GET /api/users/ HTTP/1.1" 200 11623
INFO 2025-03-09 21:15:57,262 basehttp "GET /api/kitchenreview/ HTTP/1.1" 200 10142
INFO 2025-03-09 21:16:03,868 basehttp "GET /api/kitchensupportticket/ HTTP/1.1" 200 10032
INFO 2025-03-09 21:16:19,924 basehttp "GET /admin/api/invoice/ HTTP/1.1" 200 17086
INFO 2025-03-09 21:16:19,984 basehttp "GET /admin/jsi18n/ HTTP/1.1" 200 3342
WARNING 2025-03-09 21:29:29,997 log Unauthorized: /api/kitchen
WARNING 2025-03-09 21:29:30,000 basehttp "GET /api/kitchen HTTP/1.1" 401 58
INFO 2025-03-09 21:30:57,160 basehttp "GET /api/login HTTP/1.1" 301 0
WARNING 2025-03-09 21:30:57,168 log Unauthorized: /api/login/
WARNING 2025-03-09 21:30:57,168 basehttp "GET /api/login/ HTTP/1.1" 401 58
WARNING 2025-03-09 21:31:19,893 log Unauthorized: /api/users/
WARNING 2025-03-09 21:31:19,894 basehttp "GET /api/users/ HTTP/1.1" 401 58
INFO 2025-03-09 21:33:06,855 autoreload E:\Cloud_Kitchen_pro\cloudkitchen\api\urls.py changed, reloading.
INFO 2025-03-09 21:33:07,844 autoreload Watching for file changes with StatReloader
INFO 2025-03-09 21:33:26,111 autoreload E:\Cloud_Kitchen_pro\cloudkitchen\api\urls.py changed, reloading.
INFO 2025-03-09 21:33:27,099 autoreload Watching for file changes with StatReloader
INFO 2025-03-09 21:34:02,841 autoreload E:\Cloud_Kitchen_pro\cloudkitchen\api\urls.py changed, reloading.
INFO 2025-03-09 21:34:03,750 autoreload Watching for file changes with StatReloader
